2023-01-02 11:40:02,362:INFO:PyCaret Supervised Module
2023-01-02 11:40:02,362:INFO:ML Usecase: regression
2023-01-02 11:40:02,363:INFO:version 2.2.2
2023-01-02 11:40:02,363:INFO:Initializing setup()
2023-01-02 11:40:02,363:INFO:setup(target=SalePrice, ml_usecase=regression, available_plots={'parameter': 'Hyperparameters', 'residuals': 'Residuals', 'error': 'Prediction Error', 'cooks': 'Cooks Distance', 'rfe': 'Feature Selection', 'learning': 'Learning Curve', 'manifold': 'Manifold Learning', 'vc': 'Validation Curve', 'feature': 'Feature Importance', 'feature_all': 'Feature Importance (All)', 'tree': 'Decision Tree'}, train_size=0.7, test_data=None, preprocess=True, imputation_type=simple, iterative_imputation_iters=5, categorical_features=None, categorical_imputation=constant, categorical_iterative_imputer=lightgbm, ordinal_features=None, high_cardinality_features=None, high_cardinality_method=frequency, numeric_features=None, numeric_imputation=mean, numeric_iterative_imputer=lightgbm, date_features=None, ignore_features=None, normalize=False, normalize_method=zscore, transformation=False, transformation_method=yeo-johnson, handle_unknown_categorical=True, unknown_categorical_method=least_frequent, pca=False, pca_method=linear, pca_components=None, ignore_low_variance=False, combine_rare_levels=False, rare_level_threshold=0.1, bin_numeric_features=None, remove_outliers=False, outliers_threshold=0.05, remove_multicollinearity=False, multicollinearity_threshold=0.9, remove_perfect_collinearity=True, create_clusters=False, cluster_iter=20, polynomial_features=False, polynomial_degree=2, trigonometry_features=False, polynomial_threshold=0.1, group_features=None, group_names=None, feature_selection=False, feature_selection_threshold=0.8, feature_selection_method=classic, feature_interaction=False, feature_ratio=False, interaction_threshold=0.01, fix_imbalance=False, fix_imbalance_method=None, transform_target=False, transform_target_method=box-cox, data_split_shuffle=True, data_split_stratify=False, fold_strategy=kfold, fold=10, fold_shuffle=False, fold_groups=None, n_jobs=-1, use_gpu=False, custom_pipeline=None, html=True, session_id=123, log_experiment=False, experiment_name=None, log_plots=False, log_profile=False, log_data=False, silent=False, verbose=True, profile=True, profile_kwargs=None, display=None)
2023-01-02 11:40:02,363:INFO:Checking environment
2023-01-02 11:40:02,363:INFO:python_version: 3.9.12
2023-01-02 11:40:02,363:INFO:python_build: ('main', 'Apr  4 2022 05:22:27')
2023-01-02 11:40:02,363:INFO:machine: AMD64
2023-01-02 11:40:02,363:INFO:platform: Windows-10-10.0.22621-SP0
2023-01-02 11:40:02,366:INFO:Memory: svmem(total=34203095040, available=22010806272, percent=35.6, used=12192288768, free=22010806272)
2023-01-02 11:40:02,366:INFO:Physical Core: 6
2023-01-02 11:40:02,366:INFO:Logical Core: 12
2023-01-02 11:40:02,366:INFO:Checking libraries
2023-01-02 11:40:02,366:INFO:pd==1.4.4
2023-01-02 11:40:02,366:INFO:numpy==1.21.5
2023-01-02 11:40:02,366:INFO:sklearn==1.0.2
2023-01-02 11:40:02,384:INFO:xgboost==1.7.2
2023-01-02 11:40:02,384:INFO:lightgbm==3.3.3
2023-01-02 11:40:04,442:INFO:catboost==1.1.1
2023-01-02 11:40:04,945:INFO:mlflow==2.1.1
2023-01-02 11:40:04,945:INFO:Checking Exceptions
2023-01-02 11:40:04,945:INFO:Declaring global variables
2023-01-02 11:40:04,945:INFO:USI: 970c
2023-01-02 11:40:04,945:INFO:pycaret_globals: {'target_param', 'log_plots_param', 'experiment__', 'X_test', '_internal_pipeline', 'stratify_param', '_available_plots', 'fold_generator', 'X_train', '_all_models_internal', 'imputation_regressor', 'display_container', 'iterative_imputation_iters_param', 'master_model_container', 'pycaret_globals', 'X', 'transform_target_param', 'y_test', '_ml_usecase', '_all_models', 'fold_shuffle_param', 'y', 'imputation_classifier', 'prep_pipe', 'transform_target_method_param', 'fix_imbalance_param', 'fold_groups_param', 'create_model_container', 'exp_name_log', 'n_jobs_param', 'gpu_param', '_gpu_n_jobs_param', 'seed', 'data_before_preprocess', 'fix_imbalance_method_param', 'USI', 'logging_param', 'html_param', 'y_train', '_all_metrics', 'fold_param'}
2023-01-02 11:40:04,946:INFO:Preparing display monitor
2023-01-02 11:40:04,946:INFO:Preparing display monitor
2023-01-02 11:40:04,955:INFO:Importing libraries
2023-01-02 11:40:04,955:INFO:Copying data for preprocessing
2023-01-02 11:40:04,963:INFO:Declaring preprocessing parameters
2023-01-02 11:40:04,966:INFO:Creating preprocessing pipeline
2023-01-02 11:40:04,986:INFO:Preprocessing pipeline created successfully
2023-01-02 11:40:04,986:ERROR:(Process Exit): setup has been interupted with user command 'quit'. setup must rerun.
2023-01-02 11:40:04,986:INFO:Creating global containers
2023-01-02 11:41:04,784:INFO:PyCaret Supervised Module
2023-01-02 11:41:04,785:INFO:ML Usecase: regression
2023-01-02 11:41:04,785:INFO:version 2.2.2
2023-01-02 11:41:04,785:INFO:Initializing setup()
2023-01-02 11:41:04,785:INFO:setup(target=SalePrice, ml_usecase=regression, available_plots={'parameter': 'Hyperparameters', 'residuals': 'Residuals', 'error': 'Prediction Error', 'cooks': 'Cooks Distance', 'rfe': 'Feature Selection', 'learning': 'Learning Curve', 'manifold': 'Manifold Learning', 'vc': 'Validation Curve', 'feature': 'Feature Importance', 'feature_all': 'Feature Importance (All)', 'tree': 'Decision Tree'}, train_size=0.7, test_data=None, preprocess=True, imputation_type=simple, iterative_imputation_iters=5, categorical_features=None, categorical_imputation=constant, categorical_iterative_imputer=lightgbm, ordinal_features=None, high_cardinality_features=None, high_cardinality_method=frequency, numeric_features=None, numeric_imputation=mean, numeric_iterative_imputer=lightgbm, date_features=None, ignore_features=None, normalize=False, normalize_method=zscore, transformation=False, transformation_method=yeo-johnson, handle_unknown_categorical=True, unknown_categorical_method=least_frequent, pca=False, pca_method=linear, pca_components=None, ignore_low_variance=False, combine_rare_levels=False, rare_level_threshold=0.1, bin_numeric_features=None, remove_outliers=False, outliers_threshold=0.05, remove_multicollinearity=False, multicollinearity_threshold=0.9, remove_perfect_collinearity=True, create_clusters=False, cluster_iter=20, polynomial_features=False, polynomial_degree=2, trigonometry_features=False, polynomial_threshold=0.1, group_features=None, group_names=None, feature_selection=False, feature_selection_threshold=0.8, feature_selection_method=classic, feature_interaction=False, feature_ratio=False, interaction_threshold=0.01, fix_imbalance=False, fix_imbalance_method=None, transform_target=False, transform_target_method=box-cox, data_split_shuffle=True, data_split_stratify=False, fold_strategy=kfold, fold=10, fold_shuffle=False, fold_groups=None, n_jobs=-1, use_gpu=False, custom_pipeline=None, html=True, session_id=123, log_experiment=False, experiment_name=None, log_plots=False, log_profile=False, log_data=False, silent=False, verbose=True, profile=False, profile_kwargs=None, display=None)
2023-01-02 11:41:04,785:INFO:Checking environment
2023-01-02 11:41:04,785:INFO:python_version: 3.9.12
2023-01-02 11:41:04,785:INFO:python_build: ('main', 'Apr  4 2022 05:22:27')
2023-01-02 11:41:04,785:INFO:machine: AMD64
2023-01-02 11:41:04,785:INFO:platform: Windows-10-10.0.22621-SP0
2023-01-02 11:41:04,788:INFO:Memory: svmem(total=34203095040, available=22045425664, percent=35.5, used=12157669376, free=22045425664)
2023-01-02 11:41:04,788:INFO:Physical Core: 6
2023-01-02 11:41:04,789:INFO:Logical Core: 12
2023-01-02 11:41:04,789:INFO:Checking libraries
2023-01-02 11:41:04,789:INFO:pd==1.4.4
2023-01-02 11:41:04,789:INFO:numpy==1.21.5
2023-01-02 11:41:04,789:INFO:sklearn==1.0.2
2023-01-02 11:41:04,789:INFO:xgboost==1.7.2
2023-01-02 11:41:04,789:INFO:lightgbm==3.3.3
2023-01-02 11:41:04,789:INFO:catboost==1.1.1
2023-01-02 11:41:04,789:INFO:mlflow==2.1.1
2023-01-02 11:41:04,789:INFO:Checking Exceptions
2023-01-02 11:41:04,789:INFO:Declaring global variables
2023-01-02 11:41:04,789:INFO:USI: 6a7c
2023-01-02 11:41:04,789:INFO:pycaret_globals: {'target_param', 'log_plots_param', 'experiment__', 'X_test', '_internal_pipeline', 'stratify_param', '_available_plots', 'fold_generator', 'X_train', '_all_models_internal', 'imputation_regressor', 'display_container', 'iterative_imputation_iters_param', 'master_model_container', 'pycaret_globals', 'X', 'transform_target_param', 'y_test', '_ml_usecase', '_all_models', 'fold_shuffle_param', 'y', 'imputation_classifier', 'prep_pipe', 'transform_target_method_param', 'fix_imbalance_param', 'fold_groups_param', 'create_model_container', 'exp_name_log', 'n_jobs_param', 'gpu_param', '_gpu_n_jobs_param', 'seed', 'data_before_preprocess', 'fix_imbalance_method_param', 'USI', 'logging_param', 'html_param', 'y_train', '_all_metrics', 'fold_param'}
2023-01-02 11:41:04,789:INFO:Preparing display monitor
2023-01-02 11:41:04,789:INFO:Preparing display monitor
2023-01-02 11:41:04,802:INFO:Importing libraries
2023-01-02 11:41:04,802:INFO:Copying data for preprocessing
2023-01-02 11:41:04,812:INFO:Declaring preprocessing parameters
2023-01-02 11:41:04,816:INFO:Creating preprocessing pipeline
2023-01-02 11:41:04,839:INFO:Preprocessing pipeline created successfully
2023-01-02 11:41:04,840:ERROR:(Process Exit): setup has been interupted with user command 'quit'. setup must rerun.
2023-01-02 11:41:04,840:INFO:Creating global containers
2023-01-02 11:42:02,660:INFO:PyCaret Supervised Module
2023-01-02 11:42:02,660:INFO:ML Usecase: regression
2023-01-02 11:42:02,660:INFO:version 2.2.2
2023-01-02 11:42:02,662:INFO:Initializing setup()
2023-01-02 11:42:02,662:INFO:setup(target=SalePrice, ml_usecase=regression, available_plots={'parameter': 'Hyperparameters', 'residuals': 'Residuals', 'error': 'Prediction Error', 'cooks': 'Cooks Distance', 'rfe': 'Feature Selection', 'learning': 'Learning Curve', 'manifold': 'Manifold Learning', 'vc': 'Validation Curve', 'feature': 'Feature Importance', 'feature_all': 'Feature Importance (All)', 'tree': 'Decision Tree'}, train_size=0.7, test_data=None, preprocess=True, imputation_type=simple, iterative_imputation_iters=5, categorical_features=None, categorical_imputation=constant, categorical_iterative_imputer=lightgbm, ordinal_features=None, high_cardinality_features=None, high_cardinality_method=frequency, numeric_features=None, numeric_imputation=mean, numeric_iterative_imputer=lightgbm, date_features=None, ignore_features=None, normalize=False, normalize_method=zscore, transformation=False, transformation_method=yeo-johnson, handle_unknown_categorical=True, unknown_categorical_method=least_frequent, pca=False, pca_method=linear, pca_components=None, ignore_low_variance=False, combine_rare_levels=False, rare_level_threshold=0.1, bin_numeric_features=None, remove_outliers=False, outliers_threshold=0.05, remove_multicollinearity=False, multicollinearity_threshold=0.9, remove_perfect_collinearity=True, create_clusters=False, cluster_iter=20, polynomial_features=False, polynomial_degree=2, trigonometry_features=False, polynomial_threshold=0.1, group_features=None, group_names=None, feature_selection=False, feature_selection_threshold=0.8, feature_selection_method=classic, feature_interaction=False, feature_ratio=False, interaction_threshold=0.01, fix_imbalance=False, fix_imbalance_method=None, transform_target=False, transform_target_method=box-cox, data_split_shuffle=True, data_split_stratify=False, fold_strategy=kfold, fold=10, fold_shuffle=False, fold_groups=None, n_jobs=-1, use_gpu=False, custom_pipeline=None, html=True, session_id=123, log_experiment=False, experiment_name=None, log_plots=False, log_profile=False, log_data=False, silent=False, verbose=True, profile=False, profile_kwargs=None, display=None)
2023-01-02 11:42:02,662:INFO:Checking environment
2023-01-02 11:42:02,662:INFO:python_version: 3.9.12
2023-01-02 11:42:02,662:INFO:python_build: ('main', 'Apr  4 2022 05:22:27')
2023-01-02 11:42:02,662:INFO:machine: AMD64
2023-01-02 11:42:02,662:INFO:platform: Windows-10-10.0.22621-SP0
2023-01-02 11:42:02,664:INFO:Memory: svmem(total=34203095040, available=22164533248, percent=35.2, used=12038561792, free=22164533248)
2023-01-02 11:42:02,664:INFO:Physical Core: 6
2023-01-02 11:42:02,664:INFO:Logical Core: 12
2023-01-02 11:42:02,664:INFO:Checking libraries
2023-01-02 11:42:02,664:INFO:pd==1.4.4
2023-01-02 11:42:02,664:INFO:numpy==1.21.6
2023-01-02 11:42:02,664:INFO:sklearn==1.0.2
2023-01-02 11:42:02,681:INFO:xgboost==1.7.2
2023-01-02 11:42:02,681:INFO:lightgbm==3.3.3
2023-01-02 11:42:02,753:INFO:catboost==1.1.1
2023-01-02 11:42:03,225:INFO:mlflow==2.1.1
2023-01-02 11:42:03,228:INFO:Checking Exceptions
2023-01-02 11:42:03,228:INFO:Declaring global variables
2023-01-02 11:42:03,228:INFO:USI: 96e8
2023-01-02 11:42:03,228:INFO:pycaret_globals: {'exp_name_log', 'fold_groups_param', '_all_metrics', 'transform_target_method_param', 'seed', 'master_model_container', 'n_jobs_param', 'stratify_param', 'data_before_preprocess', 'X_test', 'create_model_container', '_all_models', 'gpu_param', 'log_plots_param', '_all_models_internal', 'fold_generator', 'experiment__', '_internal_pipeline', 'pycaret_globals', '_gpu_n_jobs_param', 'X', 'y', 'imputation_classifier', 'fold_param', 'transform_target_param', 'iterative_imputation_iters_param', '_available_plots', 'USI', 'y_train', 'fix_imbalance_method_param', 'display_container', 'html_param', 'X_train', 'prep_pipe', 'fold_shuffle_param', 'logging_param', '_ml_usecase', 'y_test', 'fix_imbalance_param', 'imputation_regressor', 'target_param'}
2023-01-02 11:42:03,228:INFO:Preparing display monitor
2023-01-02 11:42:03,228:INFO:Preparing display monitor
2023-01-02 11:42:03,240:INFO:Importing libraries
2023-01-02 11:42:03,240:INFO:Copying data for preprocessing
2023-01-02 11:42:03,246:INFO:Declaring preprocessing parameters
2023-01-02 11:42:03,248:INFO:Creating preprocessing pipeline
2023-01-02 11:42:03,281:INFO:Preprocessing pipeline created successfully
2023-01-02 11:42:03,281:ERROR:(Process Exit): setup has been interupted with user command 'quit'. setup must rerun.
2023-01-02 11:42:03,281:INFO:Creating global containers
2023-01-02 11:42:20,656:INFO:PyCaret Supervised Module
2023-01-02 11:42:20,656:INFO:ML Usecase: regression
2023-01-02 11:42:20,656:INFO:version 2.2.2
2023-01-02 11:42:20,656:INFO:Initializing setup()
2023-01-02 11:42:20,656:INFO:setup(target=SalePrice, ml_usecase=regression, available_plots={'parameter': 'Hyperparameters', 'residuals': 'Residuals', 'error': 'Prediction Error', 'cooks': 'Cooks Distance', 'rfe': 'Feature Selection', 'learning': 'Learning Curve', 'manifold': 'Manifold Learning', 'vc': 'Validation Curve', 'feature': 'Feature Importance', 'feature_all': 'Feature Importance (All)', 'tree': 'Decision Tree'}, train_size=0.7, test_data=None, preprocess=True, imputation_type=simple, iterative_imputation_iters=5, categorical_features=None, categorical_imputation=constant, categorical_iterative_imputer=lightgbm, ordinal_features=None, high_cardinality_features=None, high_cardinality_method=frequency, numeric_features=None, numeric_imputation=mean, numeric_iterative_imputer=lightgbm, date_features=None, ignore_features=None, normalize=False, normalize_method=zscore, transformation=False, transformation_method=yeo-johnson, handle_unknown_categorical=True, unknown_categorical_method=least_frequent, pca=False, pca_method=linear, pca_components=None, ignore_low_variance=False, combine_rare_levels=False, rare_level_threshold=0.1, bin_numeric_features=None, remove_outliers=False, outliers_threshold=0.05, remove_multicollinearity=False, multicollinearity_threshold=0.9, remove_perfect_collinearity=True, create_clusters=False, cluster_iter=20, polynomial_features=False, polynomial_degree=2, trigonometry_features=False, polynomial_threshold=0.1, group_features=None, group_names=None, feature_selection=False, feature_selection_threshold=0.8, feature_selection_method=classic, feature_interaction=False, feature_ratio=False, interaction_threshold=0.01, fix_imbalance=False, fix_imbalance_method=None, transform_target=False, transform_target_method=box-cox, data_split_shuffle=True, data_split_stratify=False, fold_strategy=kfold, fold=10, fold_shuffle=False, fold_groups=None, n_jobs=-1, use_gpu=False, custom_pipeline=None, html=True, session_id=123, log_experiment=False, experiment_name=None, log_plots=False, log_profile=False, log_data=False, silent=False, verbose=True, profile=True, profile_kwargs=None, display=None)
2023-01-02 11:42:20,660:INFO:Checking environment
2023-01-02 11:42:20,660:INFO:python_version: 3.9.12
2023-01-02 11:42:20,660:INFO:python_build: ('main', 'Apr  4 2022 05:22:27')
2023-01-02 11:42:20,660:INFO:machine: AMD64
2023-01-02 11:42:20,660:INFO:platform: Windows-10-10.0.22621-SP0
2023-01-02 11:42:20,661:INFO:Memory: svmem(total=34203095040, available=22012133376, percent=35.6, used=12190961664, free=22012133376)
2023-01-02 11:42:20,661:INFO:Physical Core: 6
2023-01-02 11:42:20,661:INFO:Logical Core: 12
2023-01-02 11:42:20,664:INFO:Checking libraries
2023-01-02 11:42:20,664:INFO:pd==1.4.4
2023-01-02 11:42:20,664:INFO:numpy==1.21.6
2023-01-02 11:42:20,664:INFO:sklearn==1.0.2
2023-01-02 11:42:20,664:INFO:xgboost==1.7.2
2023-01-02 11:42:20,664:INFO:lightgbm==3.3.3
2023-01-02 11:42:20,664:INFO:catboost==1.1.1
2023-01-02 11:42:20,664:INFO:mlflow==2.1.1
2023-01-02 11:42:20,664:INFO:Checking Exceptions
2023-01-02 11:42:20,664:INFO:Declaring global variables
2023-01-02 11:42:20,664:INFO:USI: 4e4b
2023-01-02 11:42:20,664:INFO:pycaret_globals: {'exp_name_log', 'fold_groups_param', '_all_metrics', 'transform_target_method_param', 'seed', 'master_model_container', 'n_jobs_param', 'stratify_param', 'data_before_preprocess', 'X_test', 'create_model_container', '_all_models', 'gpu_param', 'log_plots_param', '_all_models_internal', 'fold_generator', 'experiment__', '_internal_pipeline', 'pycaret_globals', '_gpu_n_jobs_param', 'X', 'y', 'imputation_classifier', 'fold_param', 'transform_target_param', 'iterative_imputation_iters_param', '_available_plots', 'USI', 'y_train', 'fix_imbalance_method_param', 'display_container', 'html_param', 'X_train', 'prep_pipe', 'fold_shuffle_param', 'logging_param', '_ml_usecase', 'y_test', 'fix_imbalance_param', 'imputation_regressor', 'target_param'}
2023-01-02 11:42:20,664:INFO:Preparing display monitor
2023-01-02 11:42:20,664:INFO:Preparing display monitor
2023-01-02 11:42:20,672:INFO:Importing libraries
2023-01-02 11:42:20,672:INFO:Copying data for preprocessing
2023-01-02 11:42:20,681:INFO:Declaring preprocessing parameters
2023-01-02 11:42:20,684:INFO:Creating preprocessing pipeline
2023-01-02 11:42:20,716:INFO:Preprocessing pipeline created successfully
2023-01-02 11:42:20,716:ERROR:(Process Exit): setup has been interupted with user command 'quit'. setup must rerun.
2023-01-02 11:42:20,716:INFO:Creating global containers
2023-01-02 11:43:02,175:INFO:PyCaret Supervised Module
2023-01-02 11:43:02,175:INFO:ML Usecase: regression
2023-01-02 11:43:02,175:INFO:version 2.2.2
2023-01-02 11:43:02,175:INFO:Initializing setup()
2023-01-02 11:43:02,175:INFO:setup(target=SalePrice, ml_usecase=regression, available_plots={'parameter': 'Hyperparameters', 'residuals': 'Residuals', 'error': 'Prediction Error', 'cooks': 'Cooks Distance', 'rfe': 'Feature Selection', 'learning': 'Learning Curve', 'manifold': 'Manifold Learning', 'vc': 'Validation Curve', 'feature': 'Feature Importance', 'feature_all': 'Feature Importance (All)', 'tree': 'Decision Tree'}, train_size=0.7, test_data=None, preprocess=True, imputation_type=simple, iterative_imputation_iters=5, categorical_features=None, categorical_imputation=constant, categorical_iterative_imputer=lightgbm, ordinal_features=None, high_cardinality_features=None, high_cardinality_method=frequency, numeric_features=None, numeric_imputation=mean, numeric_iterative_imputer=lightgbm, date_features=None, ignore_features=None, normalize=False, normalize_method=zscore, transformation=False, transformation_method=yeo-johnson, handle_unknown_categorical=True, unknown_categorical_method=least_frequent, pca=False, pca_method=linear, pca_components=None, ignore_low_variance=False, combine_rare_levels=False, rare_level_threshold=0.1, bin_numeric_features=None, remove_outliers=False, outliers_threshold=0.05, remove_multicollinearity=False, multicollinearity_threshold=0.9, remove_perfect_collinearity=True, create_clusters=False, cluster_iter=20, polynomial_features=False, polynomial_degree=2, trigonometry_features=False, polynomial_threshold=0.1, group_features=None, group_names=None, feature_selection=False, feature_selection_threshold=0.8, feature_selection_method=classic, feature_interaction=False, feature_ratio=False, interaction_threshold=0.01, fix_imbalance=False, fix_imbalance_method=None, transform_target=False, transform_target_method=box-cox, data_split_shuffle=True, data_split_stratify=False, fold_strategy=kfold, fold=10, fold_shuffle=False, fold_groups=None, n_jobs=-1, use_gpu=False, custom_pipeline=None, html=True, session_id=None, log_experiment=False, experiment_name=None, log_plots=False, log_profile=False, log_data=False, silent=False, verbose=True, profile=False, profile_kwargs=None, display=None)
2023-01-02 11:43:02,175:INFO:Checking environment
2023-01-02 11:43:02,175:INFO:python_version: 3.9.12
2023-01-02 11:43:02,175:INFO:python_build: ('main', 'Apr  4 2022 05:22:27')
2023-01-02 11:43:02,179:INFO:machine: AMD64
2023-01-02 11:43:02,179:INFO:platform: Windows-10-10.0.22621-SP0
2023-01-02 11:43:02,179:INFO:Memory: svmem(total=34203095040, available=22071001088, percent=35.5, used=12132093952, free=22071001088)
2023-01-02 11:43:02,179:INFO:Physical Core: 6
2023-01-02 11:43:02,179:INFO:Logical Core: 12
2023-01-02 11:43:02,179:INFO:Checking libraries
2023-01-02 11:43:02,179:INFO:pd==1.4.4
2023-01-02 11:43:02,179:INFO:numpy==1.21.6
2023-01-02 11:43:02,179:INFO:sklearn==1.0.2
2023-01-02 11:43:02,179:INFO:xgboost==1.7.2
2023-01-02 11:43:02,179:INFO:lightgbm==3.3.3
2023-01-02 11:43:02,179:INFO:catboost==1.1.1
2023-01-02 11:43:02,179:INFO:mlflow==2.1.1
2023-01-02 11:43:02,183:INFO:Checking Exceptions
2023-01-02 11:43:02,183:INFO:Declaring global variables
2023-01-02 11:43:02,183:INFO:USI: 78ba
2023-01-02 11:43:02,183:INFO:pycaret_globals: {'exp_name_log', 'fold_groups_param', '_all_metrics', 'transform_target_method_param', 'seed', 'master_model_container', 'n_jobs_param', 'stratify_param', 'data_before_preprocess', 'X_test', 'create_model_container', '_all_models', 'gpu_param', 'log_plots_param', '_all_models_internal', 'fold_generator', 'experiment__', '_internal_pipeline', 'pycaret_globals', '_gpu_n_jobs_param', 'X', 'y', 'imputation_classifier', 'fold_param', 'transform_target_param', 'iterative_imputation_iters_param', '_available_plots', 'USI', 'y_train', 'fix_imbalance_method_param', 'display_container', 'html_param', 'X_train', 'prep_pipe', 'fold_shuffle_param', 'logging_param', '_ml_usecase', 'y_test', 'fix_imbalance_param', 'imputation_regressor', 'target_param'}
2023-01-02 11:43:02,183:INFO:Preparing display monitor
2023-01-02 11:43:02,183:INFO:Preparing display monitor
2023-01-02 11:43:02,191:INFO:Importing libraries
2023-01-02 11:43:02,191:INFO:Copying data for preprocessing
2023-01-02 11:43:02,195:INFO:Declaring preprocessing parameters
2023-01-02 11:43:02,200:INFO:Creating preprocessing pipeline
2023-01-02 11:43:02,232:INFO:Preprocessing pipeline created successfully
2023-01-02 11:43:02,232:ERROR:(Process Exit): setup has been interupted with user command 'quit'. setup must rerun.
2023-01-02 11:43:02,232:INFO:Creating global containers
2023-01-02 11:44:34,507:INFO:PyCaret Supervised Module
2023-01-02 11:44:34,508:INFO:ML Usecase: regression
2023-01-02 11:44:34,508:INFO:version 2.2.2
2023-01-02 11:44:34,508:INFO:Initializing setup()
2023-01-02 11:44:34,508:INFO:setup(target=SalePrice, ml_usecase=regression, available_plots={'parameter': 'Hyperparameters', 'residuals': 'Residuals', 'error': 'Prediction Error', 'cooks': 'Cooks Distance', 'rfe': 'Feature Selection', 'learning': 'Learning Curve', 'manifold': 'Manifold Learning', 'vc': 'Validation Curve', 'feature': 'Feature Importance', 'feature_all': 'Feature Importance (All)', 'tree': 'Decision Tree'}, train_size=0.7, test_data=None, preprocess=True, imputation_type=simple, iterative_imputation_iters=5, categorical_features=None, categorical_imputation=constant, categorical_iterative_imputer=lightgbm, ordinal_features=None, high_cardinality_features=None, high_cardinality_method=frequency, numeric_features=None, numeric_imputation=mean, numeric_iterative_imputer=lightgbm, date_features=None, ignore_features=None, normalize=False, normalize_method=zscore, transformation=False, transformation_method=yeo-johnson, handle_unknown_categorical=True, unknown_categorical_method=least_frequent, pca=False, pca_method=linear, pca_components=None, ignore_low_variance=False, combine_rare_levels=False, rare_level_threshold=0.1, bin_numeric_features=None, remove_outliers=False, outliers_threshold=0.05, remove_multicollinearity=False, multicollinearity_threshold=0.9, remove_perfect_collinearity=True, create_clusters=False, cluster_iter=20, polynomial_features=False, polynomial_degree=2, trigonometry_features=False, polynomial_threshold=0.1, group_features=None, group_names=None, feature_selection=False, feature_selection_threshold=0.8, feature_selection_method=classic, feature_interaction=False, feature_ratio=False, interaction_threshold=0.01, fix_imbalance=False, fix_imbalance_method=None, transform_target=False, transform_target_method=box-cox, data_split_shuffle=True, data_split_stratify=False, fold_strategy=kfold, fold=10, fold_shuffle=False, fold_groups=None, n_jobs=-1, use_gpu=False, custom_pipeline=None, html=True, session_id=None, log_experiment=False, experiment_name=None, log_plots=False, log_profile=False, log_data=False, silent=False, verbose=True, profile=False, profile_kwargs=None, display=None)
2023-01-02 11:44:34,508:INFO:Checking environment
2023-01-02 11:44:34,508:INFO:python_version: 3.9.12
2023-01-02 11:44:34,508:INFO:python_build: ('main', 'Apr  4 2022 05:22:27')
2023-01-02 11:44:34,508:INFO:machine: AMD64
2023-01-02 11:44:34,508:INFO:platform: Windows-10-10.0.22621-SP0
2023-01-02 11:44:34,512:INFO:Memory: svmem(total=34203095040, available=21643214848, percent=36.7, used=12559880192, free=21643214848)
2023-01-02 11:44:34,512:INFO:Physical Core: 6
2023-01-02 11:44:34,512:INFO:Logical Core: 12
2023-01-02 11:44:34,512:INFO:Checking libraries
2023-01-02 11:44:34,512:INFO:pd==1.4.4
2023-01-02 11:44:34,512:INFO:numpy==1.21.6
2023-01-02 11:44:34,512:INFO:sklearn==1.0.2
2023-01-02 11:44:34,512:INFO:xgboost==1.7.2
2023-01-02 11:44:34,512:INFO:lightgbm==3.3.3
2023-01-02 11:44:34,512:INFO:catboost==1.1.1
2023-01-02 11:44:34,512:INFO:mlflow==2.1.1
2023-01-02 11:44:34,512:INFO:Checking Exceptions
2023-01-02 11:44:34,513:INFO:Declaring global variables
2023-01-02 11:44:34,513:INFO:USI: 3ed7
2023-01-02 11:44:34,513:INFO:pycaret_globals: {'exp_name_log', 'fold_groups_param', '_all_metrics', 'transform_target_method_param', 'seed', 'master_model_container', 'n_jobs_param', 'stratify_param', 'data_before_preprocess', 'X_test', 'create_model_container', '_all_models', 'gpu_param', 'log_plots_param', '_all_models_internal', 'fold_generator', 'experiment__', '_internal_pipeline', 'pycaret_globals', '_gpu_n_jobs_param', 'X', 'y', 'imputation_classifier', 'fold_param', 'transform_target_param', 'iterative_imputation_iters_param', '_available_plots', 'USI', 'y_train', 'fix_imbalance_method_param', 'display_container', 'html_param', 'X_train', 'prep_pipe', 'fold_shuffle_param', 'logging_param', '_ml_usecase', 'y_test', 'fix_imbalance_param', 'imputation_regressor', 'target_param'}
2023-01-02 11:44:34,513:INFO:Preparing display monitor
2023-01-02 11:44:34,513:INFO:Preparing display monitor
2023-01-02 11:44:34,522:INFO:Importing libraries
2023-01-02 11:44:34,522:INFO:Copying data for preprocessing
2023-01-02 11:44:34,528:INFO:Declaring preprocessing parameters
2023-01-02 11:44:34,531:INFO:Creating preprocessing pipeline
2023-01-02 11:44:34,569:INFO:Preprocessing pipeline created successfully
2023-01-02 11:44:34,569:ERROR:(Process Exit): setup has been interupted with user command 'quit'. setup must rerun.
2023-01-02 11:44:34,569:INFO:Creating global containers
